Using pre-set license
Built from '2021.3/staging' branch; Version is '2021.3.33f1 (ee5a2aa03ab2) revision 15620650'; Using compiler version '192829333'; Build Type 'Release'
OS: 'Windows 10  (10.0.19045) 64bit Professional' Language: 'ru' Physical Memory: 16281 MB
BatchMode: 1, IsHumanControllingUs: 0, StartBugReporterOnCrash: 0, Is64bit: 1, IsPro: 1

COMMAND LINE ARGUMENTS:
C:\Program Files\Unity\Hub\Editor\2021.3.33f1\Editor\Unity.exe
-adb2
-batchMode
-noUpm
-name
AssetImportWorker8
-projectPath
C:/Users/Unlime/Documents/GitHub/Ants-Station/Ants Station
-logFile
Logs/AssetImportWorker8.log
-srvPort
64707
Successfully changed project path to: C:/Users/Unlime/Documents/GitHub/Ants-Station/Ants Station
C:/Users/Unlime/Documents/GitHub/Ants-Station/Ants Station
[UnityMemory] Configuration Parameters - Can be set up in boot.config
    "memorysetup-bucket-allocator-granularity=16"
    "memorysetup-bucket-allocator-bucket-count=8"
    "memorysetup-bucket-allocator-block-size=33554432"
    "memorysetup-bucket-allocator-block-count=8"
    "memorysetup-main-allocator-block-size=16777216"
    "memorysetup-thread-allocator-block-size=16777216"
    "memorysetup-gfx-main-allocator-block-size=16777216"
    "memorysetup-gfx-thread-allocator-block-size=16777216"
    "memorysetup-cache-allocator-block-size=4194304"
    "memorysetup-typetree-allocator-block-size=2097152"
    "memorysetup-profiler-bucket-allocator-granularity=16"
    "memorysetup-profiler-bucket-allocator-bucket-count=8"
    "memorysetup-profiler-bucket-allocator-block-size=33554432"
    "memorysetup-profiler-bucket-allocator-block-count=8"
    "memorysetup-profiler-allocator-block-size=16777216"
    "memorysetup-profiler-editor-allocator-block-size=1048576"
    "memorysetup-temp-allocator-size-main=16777216"
    "memorysetup-job-temp-allocator-block-size=2097152"
    "memorysetup-job-temp-allocator-block-size-background=1048576"
    "memorysetup-job-temp-allocator-reduction-small-platforms=262144"
    "memorysetup-temp-allocator-size-background-worker=32768"
    "memorysetup-temp-allocator-size-job-worker=262144"
    "memorysetup-temp-allocator-size-preload-manager=33554432"
    "memorysetup-temp-allocator-size-nav-mesh-worker=65536"
    "memorysetup-temp-allocator-size-audio-worker=65536"
    "memorysetup-temp-allocator-size-cloud-worker=32768"
    "memorysetup-temp-allocator-size-gi-baking-worker=262144"
    "memorysetup-temp-allocator-size-gfx=262144"
Player connection [11900] Host "[IP] 192.168.0.106 [Port] 0 [Flags] 2 [Guid] 1972472214 [EditorId] 1972472214 [Version] 1048832 [Id] WindowsEditor(7,DESKTOP-2CE7J8D) [Debug] 1 [PackageName] WindowsEditor [ProjectName] Editor" joined multi-casting on [225.0.0.222:54997]...

Player connection [11900] Host "[IP] 192.168.0.106 [Port] 0 [Flags] 2 [Guid] 1972472214 [EditorId] 1972472214 [Version] 1048832 [Id] WindowsEditor(7,DESKTOP-2CE7J8D) [Debug] 1 [PackageName] WindowsEditor [ProjectName] Editor" joined alternative multi-casting on [225.0.0.222:34997]...

received signal from system: SIGSEGV
Obtained 25 stack frames
0x00007ff6fd89c89d (Unity) 
0x00007ff6fd8a3459 (Unity) 
0x00007ff6fe829f73 ((<unknown>)) 
0x00007ff6fd8a2496 ((<unknown>)) 
0x00007ff6fd89becc ((<unknown>)) 
0x00007ff6ffc6b1ce ((<unknown>)) 
0x00007ff6ffd2b2f8 ((<unknown>)) 
0x00007ff6ffc37b00 ((<unknown>)) 
0x00007ffe18ab23af ((<unknown>)) 
0x00007ffe18a614b4 ((<unknown>)) 
0x00007ffe18ab0ebe ((<unknown>)) 
0x00007ff6fd10c4aa ((<unknown>)) 
0x00007ff6fd1073f0 ((<unknown>)) 
0x00007ff6fd10629b ((<unknown>)) 
0x00007ff6fd106975 ((<unknown>)) 
0x00007ff6fd105bcd ((<unknown>)) 
0x00007ff6fd624b78 ((<unknown>)) 
0x00007ff6fd41f62a ((<unknown>)) 
0x00007ff6fd41db9d ((<unknown>)) 
0x00007ff6fd46afbf ((<unknown>)) 
0x00007ff6fe3e3ff1 ((<unknown>)) 
0x00007ff6fe8344c8 ((<unknown>)) 
0x00007ff6ffc1546e ((<unknown>)) 
0x00007ffe17fc7344 ((<unknown>)) 
0x00007ffe18a626b1 ((<unknown>)) 

