Using pre-set license
Built from '2021.3/staging' branch; Version is '2021.3.33f1 (ee5a2aa03ab2) revision 15620650'; Using compiler version '192829333'; Build Type 'Release'
OS: 'Windows 10  (10.0.19045) 64bit Professional' Language: 'ru' Physical Memory: 16281 MB
BatchMode: 1, IsHumanControllingUs: 0, StartBugReporterOnCrash: 0, Is64bit: 1, IsPro: 1

COMMAND LINE ARGUMENTS:
C:\Program Files\Unity\Hub\Editor\2021.3.33f1\Editor\Unity.exe
-adb2
-batchMode
-noUpm
-name
AssetImportWorker4
-projectPath
C:/Users/Unlime/Documents/GitHub/Ants-Station/Ants Station
-logFile
Logs/AssetImportWorker4.log
-srvPort
53718
Successfully changed project path to: C:/Users/Unlime/Documents/GitHub/Ants-Station/Ants Station
C:/Users/Unlime/Documents/GitHub/Ants-Station/Ants Station
[UnityMemory] Configuration Parameters - Can be set up in boot.config
    "memorysetup-bucket-allocator-granularity=16"
    "memorysetup-bucket-allocator-bucket-count=8"
    "memorysetup-bucket-allocator-block-size=33554432"
    "memorysetup-bucket-allocator-block-count=8"
    "memorysetup-main-allocator-block-size=16777216"
    "memorysetup-thread-allocator-block-size=16777216"
    "memorysetup-gfx-main-allocator-block-size=16777216"
    "memorysetup-gfx-thread-allocator-block-size=16777216"
    "memorysetup-cache-allocator-block-size=4194304"
    "memorysetup-typetree-allocator-block-size=2097152"
    "memorysetup-profiler-bucket-allocator-granularity=16"
    "memorysetup-profiler-bucket-allocator-bucket-count=8"
    "memorysetup-profiler-bucket-allocator-block-size=33554432"
    "memorysetup-profiler-bucket-allocator-block-count=8"
    "memorysetup-profiler-allocator-block-size=16777216"
    "memorysetup-profiler-editor-allocator-block-size=1048576"
    "memorysetup-temp-allocator-size-main=16777216"
    "memorysetup-job-temp-allocator-block-size=2097152"
    "memorysetup-job-temp-allocator-block-size-background=1048576"
    "memorysetup-job-temp-allocator-reduction-small-platforms=262144"
    "memorysetup-temp-allocator-size-background-worker=32768"
    "memorysetup-temp-allocator-size-job-worker=262144"
    "memorysetup-temp-allocator-size-preload-manager=33554432"
    "memorysetup-temp-allocator-size-nav-mesh-worker=65536"
    "memorysetup-temp-allocator-size-audio-worker=65536"
    "memorysetup-temp-allocator-size-cloud-worker=32768"
    "memorysetup-temp-allocator-size-gi-baking-worker=262144"
    "memorysetup-temp-allocator-size-gfx=262144"
Player connection [14616] Host "[IP] 192.168.0.106 [Port] 0 [Flags] 2 [Guid] 941593695 [EditorId] 941593695 [Version] 1048832 [Id] WindowsEditor(7,DESKTOP-2CE7J8D) [Debug] 1 [PackageName] WindowsEditor [ProjectName] Editor" joined multi-casting on [225.0.0.222:54997]...

Player connection [14616] Host "[IP] 192.168.0.106 [Port] 0 [Flags] 2 [Guid] 941593695 [EditorId] 941593695 [Version] 1048832 [Id] WindowsEditor(7,DESKTOP-2CE7J8D) [Debug] 1 [PackageName] WindowsEditor [ProjectName] Editor" joined alternative multi-casting on [225.0.0.222:34997]...

[Physics::Module] Initialized MultithreadedJobDispatcher with {0} workers.
Refreshing native plugins compatible for Editor in 75.81 ms, found 4 plugins.
Preloading 0 native plugins for Editor in 0.00 ms.
Initialize engine version: 2021.3.33f1 (ee5a2aa03ab2)
[Subsystems] Discovering subsystems at path C:/Program Files/Unity/Hub/Editor/2021.3.33f1/Editor/Data/Resources/UnitySubsystems
[Subsystems] Discovering subsystems at path C:/Users/Unlime/Documents/GitHub/Ants-Station/Ants Station/Assets
GfxDevice: creating device client; threaded=0; jobified=0
received signal from system: SIGSEGV
Obtained 26 stack frames
0x00007ff6fd89c89d (Unity) 
0x00007ff6fd8a3459 (Unity) 
0x00007ff6fe829f73 (Unity) 
0x00007ff6fd8a2496 (Unity) 
0x00007ff6fd89becc (Unity) 
0x00007ff6ffc6b1ce (Unity) 
0x00007ff6ffd2b2f8 (Unity) 
0x00007ff6ffc37b00 (Unity) 
0x00007ffe18ab23af (ntdll) 
0x00007ffe18a614b4 (ntdll) 
0x00007ffe18ab0ebe (ntdll) 
0x00007ff6fd10c4aa (Unity) 
0x00007ff6fd1073f0 (Unity) 
0x00007ff6fd10629b (Unity) 
0x00007ff6fd106975 (Unity) 
0x00007ff6fd105bcd (Unity) 
0x00007ff6fd9aa7e6 (Unity) 
0x00007ff6fd9aeafb (Unity) 
0x00007ff6fd712ab5 (Unity) 
0x00007ff6fd713e3e (Unity) 
0x00007ff6fd46ac92 (Unity) 
0x00007ff6fe3e4fe9 (Unity) 
0x00007ff6fe8344c8 (Unity) 
0x00007ff6ffc1546e (Unity) 
0x00007ffe17fc7344 (KERNEL32) BaseThreadInitThunk
0x00007ffe18a626b1 (ntdll) 

Crash!!!
SymInit: Symbol-SearchPath: '.;C:\Users\Unlime\Documents\GitHub\Ants-Station\Ants Station;C:\Users\Unlime\Documents\GitHub\Ants-Station\Ants Station\Library\BurstCache\JIT;C:\Program Files\Unity\Hub\Editor\2021.3.33f1\Editor;C:\Windows;C:\Windows\system32;', symOptions: 534, UserName: 'Unlime'
OS-Version: 10.0.0
C:\Program Files\Unity\Hub\Editor\2021.3.33f1\Editor\Unity.exe:Unity.exe (00007FF6FC890000), size: 74145792 (result: -529697949), SymType: '-deferred-', PDB: '', fileVersion: 2021.3.33.23082
C:\Windows\SYSTEM32\ntdll.dll:ntdll.dll (00007FFE18A10000), size: 2064384 (result: 0), SymType: '-nosymbols-', PDB: 'C:\Windows\SYSTEM32\ntdll.dll', fileVersion: 10.0.19041.3996
C:\Windows\System32\KERNEL32.DLL:KERNEL32.DLL (00007FFE17FB0000), size: 774144 (result: 0), SymType: '-exported-', PDB: 'C:\Windows\System32\KERNEL32.DLL', fileVersion: 10.0.19041.3636
C:\Windows\System32\KERNELBASE.dll:KERNELBASE.dll (00007FFE16410000), size: 3104768 (result: 0), SymType: '-nosymbols-', PDB: 'C:\Windows\System32\KERNELBASE.dll', fileVersion: 10.0.19041.3996
C:\Windows\System32\CRYPT32.dll:CRYPT32.dll (00007FFE16840000), size: 1429504 (result: 0), SymType: '-nosymbols-', PDB: 'C:\Windows\System32\CRYPT32.dll', fileVersion: 10.0.19041.3636
C:\Windows\System32\ucrtbase.dll:ucrtbase.dll (00007FFE16710000), size: 1048576 (result: 0), SymType: '-nosymbols-', PDB: 'C:\Windows\System32\ucrtbase.dll', fileVersion: 10.0.19041.3636
C:\Windows\System32\USER32.dll:USER32.dll (00007FFE173D0000), size: 1695744 (result: 0), SymType: '-nosymbols-', PDB: 'C:\Windows\System32\USER32.dll', fileVersion: 10.0.19041.3996
C:\Windows\System32\win32u.dll:win32u.dll (00007FFE16810000), size: 139264 (result: 0), SymType: '-nosymbols-', PDB: 'C:\Windows\System32\win32u.dll', fileVersion: 10.0.19041.3996
C:\Program Files\Unity\Hub\Editor\2021.3.33f1\Editor\libfbxsdk.dll:libfbxsdk.dll (00007FFDA4DB0000), size: 10067968 (result: 0), SymType: '-nosymbols-', PDB: 'C:\Program Files\Unity\Hub\Editor\2021.3.33f1\Editor\libfbxsdk.dll', fileVersion: 2020.3.3.0
C:\Windows\System32\GDI32.dll:GDI32.dll (00007FFE17150000), size: 176128 (result: 0), SymType: '-nosymbols-', PDB: 'C:\Windows\System32\GDI32.dll', fileVersion: 10.0.19041.3996
C:\Program Files\Unity\Hub\Editor\2021.3.33f1\Editor\optix.6.0.0.dll:optix.6.0.0.dll (00007FFDF3C70000), size: 208896 (result: 0), SymType: '-nosymbols-', PDB: 'C:\Program Files\Unity\Hub\Editor\2021.3.33f1\Editor\optix.6.0.0.dll', fileVersion: 6.0.0.0
C:\Program Files\Unity\Hub\Editor\2021.3.33f1\Editor\s3tcompress.dll:s3tcompress.dll (00007FFDF3730000), size: 180224 (result: 0), SymType: '-nosymbols-', PDB: 'C:\Program Files\Unity\Hub\Editor\2021.3.33f1\Editor\s3tcompress.dll'
C:\Windows\System32\gdi32full.dll:gdi32full.dll (00007FFE160D0000), size: 1142784 (result: 0), SymType: '-nosymbols-', PDB: 'C:\Windows\System32\gdi32full.dll', fileVersion: 10.0.19041.3996
C:\Program Files\Unity\Hub\Editor\2021.3.33f1\Editor\etccompress.dll:etccompress.dll (00007FFDA48D0000), size: 5066752 (result: 0), SymType: '-nosymbols-', PDB: 'C:\Program Files\Unity\Hub\Editor\2021.3.33f1\Editor\etccompress.dll'
C:\Windows\System32\msvcp_win.dll:msvcp_win.dll (00007FFE16370000), size: 643072 (result: 0), SymType: '-nosymbols-', PDB: 'C:\Windows\System32\msvcp_win.dll', fileVersion: 10.0.19041.3636
C:\Program Files\Unity\Hub\Editor\2021.3.33f1\Editor\ispc_texcomp.dll:ispc_texcomp.dll (00007FFDC9290000), size: 1826816 (result: 0), SymType: '-nosymbols-', PDB: 'C:\Program Files\Unity\Hub\Editor\2021.3.33f1\Editor\ispc_texcomp.dll'
C:\Windows\System32\ADVAPI32.dll:ADVAPI32.dll (00007FFE17570000), size: 733184 (result: 0), SymType: '-nosymbols-', PDB: 'C:\Windows\System32\ADVAPI32.dll', fileVersion: 10.0.19041.3930
C:\Windows\System32\msvcrt.dll:msvcrt.dll (00007FFE17DE0000), size: 647168 (result: 0), SymType: '-nosymbols-', PDB: 'C:\Windows\System32\msvcrt.dll', fileVersion: 7.0.19041.3636
C:\Program Files\Unity\Hub\Editor\2021.3.33f1\Editor\compress_bc7e.dll:compress_bc7e.dll (00007FFDEA0C0000), size: 1433600 (result: 0), SymType: '-nosymbols-', PDB: 'C:\Program Files\Unity\Hub\Editor\2021.3.33f1\Editor\compress_bc7e.dll'
C:\Windows\System32\sechost.dll:sechost.dll (00007FFE17F10000), size: 651264 (result: 0), SymType: '-nosymbols-', PDB: 'C:\Windows\System32\sechost.dll', fileVersion: 10.0.19041.3930
C:\Program Files\Unity\Hub\Editor\2021.3.33f1\Editor\FreeImage.dll:FreeImage.dll (0000000180000000), size: 6582272 (result: 0), SymType: '-nosymbols-', PDB: 'C:\Program Files\Unity\Hub\Editor\2021.3.33f1\Editor\FreeImage.dll', fileVersion: 3.18.0.0
C:\Windows\System32\RPCRT4.dll:RPCRT4.dll (00007FFE17AA0000), size: 1204224 (result: 0), SymType: '-nosymbols-', PDB: 'C:\Windows\System32\RPCRT4.dll', fileVersion: 10.0.19041.3758
C:\Program Files\Unity\Hub\Editor\2021.3.33f1\Editor\OpenImageDenoise.dll:OpenImageDenoise.dll (00007FFD9E810000), size: 48848896 (result: 0), SymType: '-nosymbols-', PDB: 'C:\Program Files\Unity\Hub\Editor\2021.3.33f1\Editor\OpenImageDenoise.dll', fileVersion: 1.4.2.0
C:\Windows\System32\bcrypt.dll:bcrypt.dll (00007FFE16340000), size: 159744 (result: 0), SymType: '-nosymbols-', PDB: 'C:\Windows\System32\bcrypt.dll', fileVersion: 10.0.19041.3636
C:\Windows\System32\SHELL32.dll:SHELL32.dll (00007FFE180D0000), size: 7622656 (result: 0), SymType: '-nosymbols-', PDB: 'C:\Windows\System32\SHELL32.dll', fileVersion: 10.0.19041.3996
C:\Windows\System32\WS2_32.dll:WS2_32.dll (00007FFE17340000), size: 438272 (result: 0), SymType: '-nosymbols-', PDB: 'C:\Windows\System32\WS2_32.dll', fileVersion: 10.0.19041.3636
C:\Windows\System32\SHLWAPI.dll:SHLWAPI.dll (00007FFE16A60000), size: 348160 (result: 0), SymType: '-nosymbols-', PDB: 'C:\Windows\System32\SHLWAPI.dll', fileVersion: 10.0.19041.3636
C:\Program Files\Unity\Hub\Editor\2021.3.33f1\Editor\WinPixEventRuntime.dll:WinPixEventRuntime.dll (00007FFE11860000), size: 45056 (result: 0), SymType: '-nosymbols-', PDB: 'C:\Program Files\Unity\Hub\Editor\2021.3.33f1\Editor\WinPixEventRuntime.dll', fileVersion: 1.0.1812.6001
C:\Program Files\Unity\Hub\Editor\2021.3.33f1\Editor\umbraoptimizer64.dll:umbraoptimizer64.dll (00007FFDE9D90000), size: 1187840 (result: 0), SymType: '-nosymbols-', PDB: 'C:\Program Files\Unity\Hub\Editor\2021.3.33f1\Editor\umbraoptimizer64.dll'
C:\Windows\System32\ole32.dll:ole32.dll (00007FFE16EF0000), size: 1224704 (result: 0), SymType: '-nosymbols-', PDB: 'C:\Windows\System32\ole32.dll', fileVersion: 10.0.19041.3636
C:\Windows\System32\combase.dll:combase.dll (00007FFE16B90000), size: 3489792 (result: 0), SymType: '-nosymbols-', PDB: 'C:\Windows\System32\combase.dll', fileVersion: 10.0.19041.3636
C:\Windows\System32\IMM32.dll:IMM32.dll (00007FFE17020000), size: 204800 (result: 0), SymType: '-nosymbols-', PDB: 'C:\Windows\System32\IMM32.dll', fileVersion: 10.0.19041.3996
C:\Windows\System32\SETUPAPI.dll:SETUPAPI.dll (00007FFE17630000), size: 4644864 (result: 0), SymType: '-nosymbols-', PDB: 'C:\Windows\System32\SETUPAPI.dll', fileVersion: 10.0.19041.3996
C:\Windows\System32\cfgmgr32.dll:cfgmgr32.dll (00007FFE161F0000), size: 319488 (result: 0), SymType: '-nosymbols-', PDB: 'C:\Windows\System32\cfgmgr32.dll', fileVersion: 10.0.19041.3996
C:\Windows\System32\OLEAUT32.dll:OLEAUT32.dll (00007FFE16AC0000), size: 839680 (result: 0), SymType: '-nosymbols-', PDB: 'C:\Windows\System32\OLEAUT32.dll', fileVersion: 10.0.19041.3636
C:\Windows\System32\WINTRUST.dll:WINTRUST.dll (00007FFE162D0000), size: 421888 (result: 0), SymType: '-exported-', PDB: 'C:\Windows\System32\WINTRUST.dll', fileVersion: 10.0.19041.3996
C:\Program Files\Unity\Hub\Editor\2021.3.33f1\Editor\tbb12.dll:tbb12.dll (00007FFDE9F70000), size: 434176 (result: 0), SymType: '-nosymbols-', PDB: 'C:\Program Files\Unity\Hub\Editor\2021.3.33f1\Editor\tbb12.dll'
C:\Windows\SYSTEM32\MSVCP140.dll:MSVCP140.dll (00007FFDFA190000), size: 581632 (result: 0), SymType: '-nosymbols-', PDB: 'C:\Windows\SYSTEM32\MSVCP140.dll', fileVersion: 14.36.32532.0
C:\Windows\SYSTEM32\VCRUNTIME140.dll:VCRUNTIME140.dll (00007FFDF9E10000), size: 110592 (result: 0), SymType: '-nosymbols-', PDB: 'C:\Windows\SYSTEM32\VCRUNTIME140.dll', fileVersion: 14.36.32532.0
C:\Windows\SYSTEM32\OPENGL32.dll:OPENGL32.dll (00007FFDCE9D0000), size: 1200128 (result: 0), SymType: '-nosymbols-', PDB: 'C:\Windows\SYSTEM32\OPENGL32.dll', fileVersion: 10.0.19041.3636
C:\Windows\SYSTEM32\GLU32.dll:GLU32.dll (00007FFDF2E70000), size: 180224 (result: 0), SymType: '-nosymbols-', PDB: 'C:\Windows\SYSTEM32\GLU32.dll', fileVersion: 10.0.19041.3636
C:\Windows\SYSTEM32\IPHLPAPI.DLL:IPHLPAPI.DLL (00007FFE15420000), size: 241664 (result: 0), SymType: '-nosymbols-', PDB: 'C:\Windows\SYSTEM32\IPHLPAPI.DLL', fileVersion: 10.0.19041.3636
C:\Windows\SYSTEM32\WINHTTP.dll:WINHTTP.dll (00007FFE0ECA0000), size: 1089536 (result: 0), SymType: '-nosymbols-', PDB: 'C:\Windows\SYSTEM32\WINHTTP.dll', fileVersion: 10.0.19041.3636
C:\Windows\SYSTEM32\WINMM.dll:WINMM.dll (00007FFE048C0000), size: 159744 (result: 0), SymType: '-nosymbols-', PDB: 'C:\Windows\SYSTEM32\WINMM.dll', fileVersion: 10.0.19041.3636
C:\Windows\SYSTEM32\HID.DLL:HID.DLL (00007FFE14460000), size: 53248 (result: 0), SymType: '-nosymbols-', PDB: 'C:\Windows\SYSTEM32\HID.DLL', fileVersion: 10.0.19041.3636
C:\Program Files\Unity\Hub\Editor\2021.3.33f1\Editor\RadeonImageFilters.dll:RadeonImageFilters.dll (00007FFDA45F0000), size: 2961408 (result: 0), SymType: '-nosymbols-', PDB: 'C:\Program Files\Unity\Hub\Editor\2021.3.33f1\Editor\RadeonImageFilters.dll', fileVersion: 1.7.0.0
C:\Windows\SYSTEM32\dwmapi.dll:dwmapi.dll (00007FFE138E0000), size: 192512 (result: 0), SymType: '-nosymbols-', PDB: 'C:\Windows\SYSTEM32\dwmapi.dll', fileVersion: 10.0.19041.3636
C:\Program Files\Unity\Hub\Editor\2021.3.33f1\Editor\SketchUpAPI.dll:SketchUpAPI.dll (00007FFDA2CF0000), size: 8990720 (result: 0), SymType: '-nosymbols-', PDB: 'C:\Program Files\Unity\Hub\Editor\2021.3.33f1\Editor\SketchUpAPI.dll', fileVersion: 23.0.0.0
C:\Windows\SYSTEM32\VERSION.dll:VERSION.dll (00007FFE10370000), size: 40960 (result: 0), SymType: '-nosymbols-', PDB: 'C:\Windows\SYSTEM32\VERSION.dll', fileVersion: 10.0.19041.3636
C:\Windows\SYSTEM32\WSOCK32.dll:WSOCK32.dll (00007FFE11850000), size: 36864 (result: 0), SymType: '-nosymbols-', PDB: 'C:\Windows\SYSTEM32\WSOCK32.dll', fileVersion: 10.0.19041.1
C:\Windows\SYSTEM32\VCRUNTIME140_1.dll:VCRUNTIME140_1.dll (00007FFDFA120000), size: 49152 (result: 0), SymType: '-nosymbols-', PDB: 'C:\Windows\SYSTEM32\VCRUNTIME140_1.dll', fileVersion: 14.36.32532.0
C:\Program Files\Unity\Hub\Editor\2021.3.33f1\Editor\tbbmalloc.dll:tbbmalloc.dll (00007FFDF2720000), size: 282624 (result: 0), SymType: '-nosymbols-', PDB: 'C:\Program Files\Unity\Hub\Editor\2021.3.33f1\Editor\tbbmalloc.dll'
C:\Program Files\Unity\Hub\Editor\2021.3.33f1\Editor\RadeonML.dll:RadeonML.dll (00007FFE110E0000), size: 94208 (result: 0), SymType: '-nosymbols-', PDB: 'C:\Program Files\Unity\Hub\Editor\2021.3.33f1\Editor\RadeonML.dll', fileVersion: 0.9.11.0
C:\Program Files\Unity\Hub\Editor\2021.3.33f1\Editor\SketchUpCommonPreferences.dll:SketchUpCommonPreferences.dll (00007FFDE9190000), size: 499712 (result: 0), SymType: '-nosymbols-', PDB: 'C:\Program Files\Unity\Hub\Editor\2021.3.33f1\Editor\SketchUpCommonPreferences.dll', fileVersion: 23.0.0.0
C:\Windows\SYSTEM32\Secur32.dll:Secur32.dll (00007FFDFC200000), size: 49152 (result: 0), SymType: '-nosymbols-', PDB: 'C:\Windows\SYSTEM32\Secur32.dll', fileVersion: 10.0.19041.3636
C:\Windows\SYSTEM32\SSPICLI.DLL:SSPICLI.DLL (00007FFE15F80000), size: 204800 (result: 0), SymType: '-nosymbols-', PDB: 'C:\Windows\SYSTEM32\SSPICLI.DLL', fileVersion: 10.0.19041.3636
C:\Program Files\Unity\Hub\Editor\2021.3.33f1\Editor\OpenRL.dll:OpenRL.dll (000001CB68DC0000), size: 12779520 (result: 0), SymType: '-nosymbols-', PDB: 'C:\Program Files\Unity\Hub\Editor\2021.3.33f1\Editor\OpenRL.dll', fileVersion: 1.5.0.2907
C:\Windows\SYSTEM32\MSVCR100.dll:MSVCR100.dll (0000000051940000), size: 860160 (result: 0), SymType: '-nosymbols-', PDB: 'C:\Windows\SYSTEM32\MSVCR100.dll', fileVersion: 10.0.40219.325
C:\Windows\SYSTEM32\MSVCP100.dll:MSVCP100.dll (0000000051A20000), size: 622592 (result: 0), SymType: '-nosymbols-', PDB: 'C:\Windows\SYSTEM32\MSVCP100.dll', fileVersion: 10.0.40219.325
C:\Program Files\Unity\Hub\Editor\2021.3.33f1\Editor\embree.dll:embree.dll (00007FFD9D820000), size: 16711680 (result: 0), SymType: '-nosymbols-', PDB: 'C:\Program Files\Unity\Hub\Editor\2021.3.33f1\Editor\embree.dll', fileVersion: 2.14.0.0
C:\Windows\SYSTEM32\MSWSOCK.DLL:MSWSOCK.DLL (00007FFE15730000), size: 434176 (result: 0), SymType: '-nosymbols-', PDB: 'C:\Windows\SYSTEM32\MSWSOCK.DLL', fileVersion: 10.0.19041.3636
C:\Program Files\Unity\Hub\Editor\2021.3.33f1\Editor\tbb.dll:tbb.dll (00007FFDE9A60000), size: 413696 (result: 0), SymType: '-nosymbols-', PDB: 'C:\Program Files\Unity\Hub\Editor\2021.3.33f1\Editor\tbb.dll', fileVersion: 2017.0.2016.1004
C:\Windows\SYSTEM32\MSVCP120.dll:MSVCP120.dll (00007FFDD8EC0000), size: 679936 (result: 0), SymType: '-nosymbols-', PDB: 'C:\Windows\SYSTEM32\MSVCP120.dll', fileVersion: 12.0.40664.0
C:\Windows\SYSTEM32\MSVCR120.dll:MSVCR120.dll (00007FFDCAA50000), size: 978944 (result: 0), SymType: '-nosymbols-', PDB: 'C:\Windows\SYSTEM32\MSVCR120.dll', fileVersion: 12.0.40664.0
C:\Program Files\Unity\Hub\Editor\2021.3.33f1\Editor\OpenRL_pthread.dll:OpenRL_pthread.dll (000001CB69A10000), size: 61440 (result: 0), SymType: '-nosymbols-', PDB: 'C:\Program Files\Unity\Hub\Editor\2021.3.33f1\Editor\OpenRL_pthread.dll', fileVersion: 2.9.0.0
C:\Windows\SYSTEM32\MSASN1.dll:MSASN1.dll (00007FFE15BC0000), size: 73728 (result: 0), SymType: '-nosymbols-', PDB: 'C:\Windows\SYSTEM32\MSASN1.dll', fileVersion: 10.0.19041.3636
C:\Program Files\Common Files\Crypto Pro\AppCompat\cpcrypt.dll:cpcrypt.dll (00007FFE15AA0000), size: 135168 (result: 0), SymType: '-nosymbols-', PDB: 'C:\Program Files\Common Files\Crypto Pro\AppCompat\cpcrypt.dll', fileVersion: 5.0.16653.0
C:\Windows\SYSTEM32\kernel.appcore.dll:kernel.appcore.dll (00007FFE13AC0000), size: 73728 (result: 0), SymType: '-nosymbols-', PDB: 'C:\Windows\SYSTEM32\kernel.appcore.dll', fileVersion: 10.0.19041.3758
C:\Windows\System32\bcryptPrimitives.dll:bcryptPrimitives.dll (000001CB6B6B0000), size: 532480 (result: 0), SymType: '-nosymbols-', PDB: 'C:\Windows\System32\bcryptPrimitives.dll', fileVersion: 10.0.19041.3636
C:\Windows\system32\uxtheme.dll:uxtheme.dll (00007FFE135F0000), size: 647168 (result: 0), SymType: '-nosymbols-', PDB: 'C:\Windows\system32\uxtheme.dll', fileVersion: 10.0.19041.3996
C:\Windows\System32\shcore.dll:shcore.dll (00007FFE17180000), size: 708608 (result: 0), SymType: '-nosymbols-', PDB: 'C:\Windows\System32\shcore.dll', fileVersion: 10.0.19041.3636
C:\Windows\SYSTEM32\windows.storage.dll:windows.storage.dll (00007FFE13CC0000), size: 7979008 (result: 0), SymType: '-nosymbols-', PDB: 'C:\Windows\SYSTEM32\windows.storage.dll', fileVersion: 10.0.19041.3996
C:\Windows\SYSTEM32\Wldp.dll:Wldp.dll (00007FFE15A00000), size: 188416 (result: 0), SymType: '-nosymbols-', PDB: 'C:\Windows\SYSTEM32\Wldp.dll', fileVersion: 10.0.19041.3996
C:\Windows\SYSTEM32\profapi.dll:profapi.dll (00007FFE16000000), size: 151552 (result: 0), SymType: '-nosymbols-', PDB: 'C:\Windows\SYSTEM32\profapi.dll', fileVersion: 10.0.19041.3636
C:\Windows\system32\IconCodecService.dll:IconCodecService.dll (00007FFE11870000), size: 36864 (result: 0), SymType: '-nosymbols-', PDB: 'C:\Windows\system32\IconCodecService.dll', fileVersion: 10.0.19041.1
C:\Windows\SYSTEM32\WindowsCodecs.dll:WindowsCodecs.dll (00007FFE0F740000), size: 1785856 (result: 0), SymType: '-nosymbols-', PDB: 'C:\Windows\SYSTEM32\WindowsCodecs.dll', fileVersion: 10.0.19041.3636
C:\Windows\System32\clbcatq.dll:clbcatq.dll (00007FFE17230000), size: 692224 (result: 0), SymType: '-nosymbols-', PDB: 'C:\Windows\System32\clbcatq.dll', fileVersion: 2001.12.10941.16384
C:\Windows\System32\netprofm.dll:netprofm.dll (00007FFE11660000), size: 258048 (result: 0), SymType: '-nosymbols-', PDB: 'C:\Windows\System32\netprofm.dll', fileVersion: 10.0.19041.3636
C:\Windows\System32\npmproxy.dll:npmproxy.dll (00007FFE0E8F0000), size: 65536 (result: 0), SymType: '-nosymbols-', PDB: 'C:\Windows\System32\npmproxy.dll', fileVersion: 10.0.19041.3636
C:\Windows\System32\NSI.dll:NSI.dll (00007FFE189C0000), size: 32768 (result: 0), SymType: '-nosymbols-', PDB: 'C:\Windows\System32\NSI.dll', fileVersion: 10.0.19041.3636
C:\Windows\SYSTEM32\dhcpcsvc6.DLL:dhcpcsvc6.DLL (00007FFE0FB80000), size: 94208 (result: 0), SymType: '-nosymbols-', PDB: 'C:\Windows\SYSTEM32\dhcpcsvc6.DLL', fileVersion: 10.0.19041.3636
C:\Windows\SYSTEM32\dhcpcsvc.DLL:dhcpcsvc.DLL (00007FFE0FB60000), size: 118784 (result: 0), SymType: '-nosymbols-', PDB: 'C:\Windows\SYSTEM32\dhcpcsvc.DLL', fileVersion: 10.0.19041.3636
C:\Windows\SYSTEM32\DNSAPI.dll:DNSAPI.dll (00007FFE15460000), size: 831488 (result: 0), SymType: '-exported-', PDB: 'C:\Windows\SYSTEM32\DNSAPI.dll', fileVersion: 10.0.19041.4046
C:\Windows\system32\napinsp.dll:napinsp.dll (00007FFDF91D0000), size: 94208 (result: 0), SymType: '-exported-', PDB: 'C:\Windows\system32\napinsp.dll', fileVersion: 10.0.19041.3636
C:\Windows\system32\pnrpnsp.dll:pnrpnsp.dll (00007FFDF9110000), size: 110592 (result: 0), SymType: '-nosymbols-', PDB: 'C:\Windows\system32\pnrpnsp.dll', fileVersion: 10.0.19041.3636
C:\Windows\system32\wshbth.dll:wshbth.dll (00007FFDF6BF0000), size: 86016 (result: 0), SymType: '-nosymbols-', PDB: 'C:\Windows\system32\wshbth.dll', fileVersion: 10.0.19041.3636
C:\Windows\system32\NLAapi.dll:NLAapi.dll (00007FFE116A0000), size: 118784 (result: 0), SymType: '-nosymbols-', PDB: 'C:\Windows\system32\NLAapi.dll', fileVersion: 10.0.19041.3636
C:\Windows\System32\winrnr.dll:winrnr.dll (00007FFDF6B30000), size: 73728 (result: 0), SymType: '-nosymbols-', PDB: 'C:\Windows\System32\winrnr.dll', fileVersion: 10.0.19041.3636
C:\Windows\System32\fwpuclnt.dll:fwpuclnt.dll (00007FFE00D30000), size: 524288 (result: 0), SymType: '-nosymbols-', PDB: 'C:\Windows\System32\fwpuclnt.dll', fileVersion: 10.0.19041.3758
C:\Windows\System32\rasadhlp.dll:rasadhlp.dll (00007FFE00ED0000), size: 40960 (result: 0), SymType: '-nosymbols-', PDB: 'C:\Windows\System32\rasadhlp.dll', fileVersion: 10.0.19041.3636
C:\Program Files\Unity\Hub\Editor\2021.3.33f1\Editor\NVUnityPlugin.DLL:NVUnityPlugin.DLL (00007FFD9B290000), size: 1536000 (result: 0), SymType: '-nosymbols-', PDB: 'C:\Program Files\Unity\Hub\Editor\2021.3.33f1\Editor\NVUnityPlugin.DLL'
C:\Program Files\Unity\Hub\Editor\2021.3.33f1\Editor\Data\Tools\astcenc-avx2.dll:astcenc-avx2.dll (00007FFD9B200000), size: 561152 (result: 0), SymType: '-nosymbols-', PDB: 'C:\Program Files\Unity\Hub\Editor\2021.3.33f1\Editor\Data\Tools\astcenc-avx2.dll'
C:\Windows\SYSTEM32\dbghelp.dll:dbghelp.dll (00007FFE02CD0000), size: 1982464 (result: 0), SymType: '-exported-', PDB: 'C:\Windows\SYSTEM32\dbghelp.dll', fileVersion: 10.0.19041.3636

========== OUTPUTTING STACK TRACE ==================

SymInit: Symbol-SearchPath: '.;C:\Users\Unlime\Documents\GitHub\Ants-Station\Ants Station;C:\Users\Unlime\Documents\GitHub\Ants-Station\Ants Station\Library\BurstCache\JIT;C:\Program Files\Unity\Hub\Editor\2021.3.33f1\Editor;C:\Windows;C:\Windows\system32;', symOptions: 534, UserName: 'Unlime'
OS-Version: 10.0.0
C:\Program Files\Unity\Hub\Editor\2021.3.33f1\Editor\Unity.exe:Unity.exe (00007FF6FC890000), size: 74145792 (result: -529697949), SymType: '-deferred-', PDB: '', fileVersion: 2021.3.33.23082
C:\Windows\SYSTEM32\ntdll.dll:ntdll.dll (00007FFE18A10000), size: 2064384 (result: 0), SymType: '-nosymbols-', PDB: 'C:\Windows\SYSTEM32\ntdll.dll', fileVersion: 10.0.19041.3996
C:\Windows\System32\KERNEL32.DLL:KERNEL32.DLL (00007FFE17FB0000), size: 774144 (result: 0), SymType: '-exported-', PDB: 'C:\Windows\System32\KERNEL32.DLL', fileVersion: 10.0.19041.3636
C:\Windows\System32\KERNELBASE.dll:KERNELBASE.dll (00007FFE16410000), size: 3104768 (result: 0), SymType: '-nosymbols-', PDB: 'C:\Windows\System32\KERNELBASE.dll', fileVersion: 10.0.19041.3996
C:\Windows\System32\CRYPT32.dll:CRYPT32.dll (00007FFE16840000), size: 1429504 (result: 0), SymType: '-nosymbols-', PDB: 'C:\Windows\System32\CRYPT32.dll', fileVersion: 10.0.19041.3636
C:\Windows\System32\ucrtbase.dll:ucrtbase.dll (00007FFE16710000), size: 1048576 (result: 0), SymType: '-nosymbols-', PDB: 'C:\Windows\System32\ucrtbase.dll', fileVersion: 10.0.19041.3636
C:\Windows\System32\USER32.dll:USER32.dll (00007FFE173D0000), size: 1695744 (result: 0), SymType: '-nosymbols-', PDB: 'C:\Windows\System32\USER32.dll', fileVersion: 10.0.19041.3996
C:\Windows\System32\win32u.dll:win32u.dll (00007FFE16810000), size: 139264 (result: 0), SymType: '-nosymbols-', PDB: 'C:\Windows\System32\win32u.dll', fileVersion: 10.0.19041.3996
C:\Program Files\Unity\Hub\Editor\2021.3.33f1\Editor\libfbxsdk.dll:libfbxsdk.dll (00007FFDA4DB0000), size: 10067968 (result: 0), SymType: '-nosymbols-', PDB: 'C:\Program Files\Unity\Hub\Editor\2021.3.33f1\Editor\libfbxsdk.dll', fileVersion: 2020.3.3.0
C:\Windows\System32\GDI32.dll:GDI32.dll (00007FFE17150000), size: 176128 (result: 0), SymType: '-nosymbols-', PDB: 'C:\Windows\System32\GDI32.dll', fileVersion: 10.0.19041.3996
C:\Program Files\Unity\Hub\Editor\2021.3.33f1\Editor\optix.6.0.0.dll:optix.6.0.0.dll (00007FFDF3C70000), size: 208896 (result: 0), SymType: '-nosymbols-', PDB: 'C:\Program Files\Unity\Hub\Editor\2021.3.33f1\Editor\optix.6.0.0.dll', fileVersion: 6.0.0.0
C:\Program Files\Unity\Hub\Editor\2021.3.33f1\Editor\s3tcompress.dll:s3tcompress.dll (00007FFDF3730000), size: 180224 (result: 0), SymType: '-nosymbols-', PDB: 'C:\Program Files\Unity\Hub\Editor\2021.3.33f1\Editor\s3tcompress.dll'
C:\Windows\System32\gdi32full.dll:gdi32full.dll (00007FFE160D0000), size: 1142784 (result: 0), SymType: '-nosymbols-', PDB: 'C:\Windows\System32\gdi32full.dll', fileVersion: 10.0.19041.3996
C:\Program Files\Unity\Hub\Editor\2021.3.33f1\Editor\etccompress.dll:etccompress.dll (00007FFDA48D0000), size: 5066752 (result: 0), SymType: '-nosymbols-', PDB: 'C:\Program Files\Unity\Hub\Editor\2021.3.33f1\Editor\etccompress.dll'
C:\Windows\System32\msvcp_win.dll:msvcp_win.dll (00007FFE16370000), size: 643072 (result: 0), SymType: '-nosymbols-', PDB: 'C:\Windows\System32\msvcp_win.dll', fileVersion: 10.0.19041.3636
C:\Program Files\Unity\Hub\Editor\2021.3.33f1\Editor\ispc_texcomp.dll:ispc_texcomp.dll (00007FFDC9290000), size: 1826816 (result: 0), SymType: '-nosymbols-', PDB: 'C:\Program Files\Unity\Hub\Editor\2021.3.33f1\Editor\ispc_texcomp.dll'
C:\Windows\System32\ADVAPI32.dll:ADVAPI32.dll (00007FFE17570000), size: 733184 (result: 0), SymType: '-nosymbols-', PDB: 'C:\Windows\System32\ADVAPI32.dll', fileVersion: 10.0.19041.3930
C:\Windows\System32\msvcrt.dll:msvcrt.dll (00007FFE17DE0000), size: 647168 (result: 0), SymType: '-nosymbols-', PDB: 'C:\Windows\System32\msvcrt.dll', fileVersion: 7.0.19041.3636
C:\Program Files\Unity\Hub\Editor\2021.3.33f1\Editor\compress_bc7e.dll:compress_bc7e.dll (00007FFDEA0C0000), size: 1433600 (result: 0), SymType: '-nosymbols-', PDB: 'C:\Program Files\Unity\Hub\Editor\2021.3.33f1\Editor\compress_bc7e.dll'
C:\Windows\System32\sechost.dll:sechost.dll (00007FFE17F10000), size: 651264 (result: 0), SymType: '-nosymbols-', PDB: 'C:\Windows\System32\sechost.dll', fileVersion: 10.0.19041.3930
C:\Program Files\Unity\Hub\Editor\2021.3.33f1\Editor\FreeImage.dll:FreeImage.dll (0000000180000000), size: 6582272 (result: 0), SymType: '-nosymbols-', PDB: 'C:\Program Files\Unity\Hub\Editor\2021.3.33f1\Editor\FreeImage.dll', fileVersion: 3.18.0.0
C:\Windows\System32\RPCRT4.dll:RPCRT4.dll (00007FFE17AA0000), size: 1204224 (result: 0), SymType: '-nosymbols-', PDB: 'C:\Windows\System32\RPCRT4.dll', fileVersion: 10.0.19041.3758
C:\Program Files\Unity\Hub\Editor\2021.3.33f1\Editor\OpenImageDenoise.dll:OpenImageDenoise.dll (00007FFD9E810000), size: 48848896 (result: 0), SymType: '-nosymbols-', PDB: 'C:\Program Files\Unity\Hub\Editor\2021.3.33f1\Editor\OpenImageDenoise.dll', fileVersion: 1.4.2.0
C:\Windows\System32\bcrypt.dll:bcrypt.dll (00007FFE16340000), size: 159744 (result: 0), SymType: '-nosymbols-', PDB: 'C:\Windows\System32\bcrypt.dll', fileVersion: 10.0.19041.3636
C:\Windows\System32\SHELL32.dll:SHELL32.dll (00007FFE180D0000), size: 7622656 (result: 0), SymType: '-nosymbols-', PDB: 'C:\Windows\System32\SHELL32.dll', fileVersion: 10.0.19041.3996
C:\Windows\System32\WS2_32.dll:WS2_32.dll (00007FFE17340000), size: 438272 (result: 0), SymType: '-nosymbols-', PDB: 'C:\Windows\System32\WS2_32.dll', fileVersion: 10.0.19041.3636
C:\Windows\System32\SHLWAPI.dll:SHLWAPI.dll (00007FFE16A60000), size: 348160 (result: 0), SymType: '-nosymbols-', PDB: 'C:\Windows\System32\SHLWAPI.dll', fileVersion: 10.0.19041.3636
C:\Program Files\Unity\Hub\Editor\2021.3.33f1\Editor\WinPixEventRuntime.dll:WinPixEventRuntime.dll (00007FFE11860000), size: 45056 (result: 0), SymType: '-nosymbols-', PDB: 'C:\Program Files\Unity\Hub\Editor\2021.3.33f1\Editor\WinPixEventRuntime.dll', fileVersion: 1.0.1812.6001
C:\Program Files\Unity\Hub\Editor\2021.3.33f1\Editor\umbraoptimizer64.dll:umbraoptimizer64.dll (00007FFDE9D90000), size: 1187840 (result: 0), SymType: '-nosymbols-', PDB: 'C:\Program Files\Unity\Hub\Editor\2021.3.33f1\Editor\umbraoptimizer64.dll'
C:\Windows\System32\ole32.dll:ole32.dll (00007FFE16EF0000), size: 1224704 (result: 0), SymType: '-nosymbols-', PDB: 'C:\Windows\System32\ole32.dll', fileVersion: 10.0.19041.3636
C:\Windows\System32\combase.dll:combase.dll (00007FFE16B90000), size: 3489792 (result: 0), SymType: '-nosymbols-', PDB: 'C:\Windows\System32\combase.dll', fileVersion: 10.0.19041.3636
C:\Windows\System32\IMM32.dll:IMM32.dll (00007FFE17020000), size: 204800 (result: 0), SymType: '-nosymbols-', PDB: 'C:\Windows\System32\IMM32.dll', fileVersion: 10.0.19041.3996
C:\Windows\System32\SETUPAPI.dll:SETUPAPI.dll (00007FFE17630000), size: 4644864 (result: 0), SymType: '-nosymbols-', PDB: 'C:\Windows\System32\SETUPAPI.dll', fileVersion: 10.0.19041.3996
C:\Windows\System32\cfgmgr32.dll:cfgmgr32.dll (00007FFE161F0000), size: 319488 (result: 0), SymType: '-nosymbols-', PDB: 'C:\Windows\System32\cfgmgr32.dll', fileVersion: 10.0.19041.3996
C:\Windows\System32\OLEAUT32.dll:OLEAUT32.dll (00007FFE16AC0000), size: 839680 (result: 0), SymType: '-nosymbols-', PDB: 'C:\Windows\System32\OLEAUT32.dll', fileVersion: 10.0.19041.3636
C:\Windows\System32\WINTRUST.dll:WINTRUST.dll (00007FFE162D0000), size: 421888 (result: 0), SymType: '-exported-', PDB: 'C:\Windows\System32\WINTRUST.dll', fileVersion: 10.0.19041.3996
C:\Program Files\Unity\Hub\Editor\2021.3.33f1\Editor\tbb12.dll:tbb12.dll (00007FFDE9F70000), size: 434176 (result: 0), SymType: '-nosymbols-', PDB: 'C:\Program Files\Unity\Hub\Editor\2021.3.33f1\Editor\tbb12.dll'
C:\Windows\SYSTEM32\MSVCP140.dll:MSVCP140.dll (00007FFDFA190000), size: 581632 (result: 0), SymType: '-nosymbols-', PDB: 'C:\Windows\SYSTEM32\MSVCP140.dll', fileVersion: 14.36.32532.0
C:\Windows\SYSTEM32\VCRUNTIME140.dll:VCRUNTIME140.dll (00007FFDF9E10000), size: 110592 (result: 0), SymType: '-nosymbols-', PDB: 'C:\Windows\SYSTEM32\VCRUNTIME140.dll', fileVersion: 14.36.32532.0
C:\Windows\SYSTEM32\OPENGL32.dll:OPENGL32.dll (00007FFDCE9D0000), size: 1200128 (result: 0), SymType: '-nosymbols-', PDB: 'C:\Windows\SYSTEM32\OPENGL32.dll', fileVersion: 10.0.19041.3636
C:\Windows\SYSTEM32\GLU32.dll:GLU32.dll (00007FFDF2E70000), size: 180224 (result: 0), SymType: '-nosymbols-', PDB: 'C:\Windows\SYSTEM32\GLU32.dll', fileVersion: 10.0.19041.3636
C:\Windows\SYSTEM32\IPHLPAPI.DLL:IPHLPAPI.DLL (00007FFE15420000), size: 241664 (result: 0), SymType: '-nosymbols-', PDB: 'C:\Windows\SYSTEM32\IPHLPAPI.DLL', fileVersion: 10.0.19041.3636
C:\Windows\SYSTEM32\WINHTTP.dll:WINHTTP.dll (00007FFE0ECA0000), size: 1089536 (result: 0), SymType: '-nosymbols-', PDB: 'C:\Windows\SYSTEM32\WINHTTP.dll', fileVersion: 10.0.19041.3636
C:\Windows\SYSTEM32\WINMM.dll:WINMM.dll (00007FFE048C0000), size: 159744 (result: 0), SymType: '-nosymbols-', PDB: 'C:\Windows\SYSTEM32\WINMM.dll', fileVersion: 10.0.19041.3636
C:\Windows\SYSTEM32\HID.DLL:HID.DLL (00007FFE14460000), size: 53248 (result: 0), SymType: '-nosymbols-', PDB: 'C:\Windows\SYSTEM32\HID.DLL', fileVersion: 10.0.19041.3636
C:\Program Files\Unity\Hub\Editor\2021.3.33f1\Editor\RadeonImageFilters.dll:RadeonImageFilters.dll (00007FFDA45F0000), size: 2961408 (result: 0), SymType: '-nosymbols-', PDB: 'C:\Program Files\Unity\Hub\Editor\2021.3.33f1\Editor\RadeonImageFilters.dll', fileVersion: 1.7.0.0
C:\Windows\SYSTEM32\dwmapi.dll:dwmapi.dll (00007FFE138E0000), size: 192512 (result: 0), SymType: '-nosymbols-', PDB: 'C:\Windows\SYSTEM32\dwmapi.dll', fileVersion: 10.0.19041.3636
C:\Program Files\Unity\Hub\Editor\2021.3.33f1\Editor\SketchUpAPI.dll:SketchUpAPI.dll (00007FFDA2CF0000), size: 8990720 (result: 0), SymType: '-nosymbols-', PDB: 'C:\Program Files\Unity\Hub\Editor\2021.3.33f1\Editor\SketchUpAPI.dll', fileVersion: 23.0.0.0
C:\Windows\SYSTEM32\VERSION.dll:VERSION.dll (00007FFE10370000), size: 40960 (result: 0), SymType: '-nosymbols-', PDB: 'C:\Windows\SYSTEM32\VERSION.dll', fileVersion: 10.0.19041.3636
C:\Windows\SYSTEM32\WSOCK32.dll:WSOCK32.dll (00007FFE11850000), size: 36864 (result: 0), SymType: '-nosymbols-', PDB: 'C:\Windows\SYSTEM32\WSOCK32.dll', fileVersion: 10.0.19041.1
C:\Windows\SYSTEM32\VCRUNTIME140_1.dll:VCRUNTIME140_1.dll (00007FFDFA120000), size: 49152 (result: 0), SymType: '-nosymbols-', PDB: 'C:\Windows\SYSTEM32\VCRUNTIME140_1.dll', fileVersion: 14.36.32532.0
C:\Program Files\Unity\Hub\Editor\2021.3.33f1\Editor\tbbmalloc.dll:tbbmalloc.dll (00007FFDF2720000), size: 282624 (result: 0), SymType: '-nosymbols-', PDB: 'C:\Program Files\Unity\Hub\Editor\2021.3.33f1\Editor\tbbmalloc.dll'
C:\Program Files\Unity\Hub\Editor\2021.3.33f1\Editor\RadeonML.dll:RadeonML.dll (00007FFE110E0000), size: 94208 (result: 0), SymType: '-nosymbols-', PDB: 'C:\Program Files\Unity\Hub\Editor\2021.3.33f1\Editor\RadeonML.dll', fileVersion: 0.9.11.0
C:\Program Files\Unity\Hub\Editor\2021.3.33f1\Editor\SketchUpCommonPreferences.dll:SketchUpCommonPreferences.dll (00007FFDE9190000), size: 499712 (result: 0), SymType: '-nosymbols-', PDB: 'C:\Program Files\Unity\Hub\Editor\2021.3.33f1\Editor\SketchUpCommonPreferences.dll', fileVersion: 23.0.0.0
C:\Windows\SYSTEM32\Secur32.dll:Secur32.dll (00007FFDFC200000), size: 49152 (result: 0), SymType: '-nosymbols-', PDB: 'C:\Windows\SYSTEM32\Secur32.dll', fileVersion: 10.0.19041.3636
C:\Windows\SYSTEM32\SSPICLI.DLL:SSPICLI.DLL (00007FFE15F80000), size: 204800 (result: 0), SymType: '-nosymbols-', PDB: 'C:\Windows\SYSTEM32\SSPICLI.DLL', fileVersion: 10.0.19041.3636
C:\Program Files\Unity\Hub\Editor\2021.3.33f1\Editor\OpenRL.dll:OpenRL.dll (000001CB68DC0000), size: 12779520 (result: 0), SymType: '-nosymbols-', PDB: 'C:\Program Files\Unity\Hub\Editor\2021.3.33f1\Editor\OpenRL.dll', fileVersion: 1.5.0.2907
C:\Windows\SYSTEM32\MSVCR100.dll:MSVCR100.dll (0000000051940000), size: 860160 (result: 0), SymType: '-nosymbols-', PDB: 'C:\Windows\SYSTEM32\MSVCR100.dll', fileVersion: 10.0.40219.325
C:\Windows\SYSTEM32\MSVCP100.dll:MSVCP100.dll (0000000051A20000), size: 622592 (result: 0), SymType: '-nosymbols-', PDB: 'C:\Windows\SYSTEM32\MSVCP100.dll', fileVersion: 10.0.40219.325
C:\Program Files\Unity\Hub\Editor\2021.3.33f1\Editor\embree.dll:embree.dll (00007FFD9D820000), size: 16711680 (result: 0), SymType: '-nosymbols-', PDB: 'C:\Program Files\Unity\Hub\Editor\2021.3.33f1\Editor\embree.dll', fileVersion: 2.14.0.0
C:\Windows\SYSTEM32\MSWSOCK.DLL:MSWSOCK.DLL (00007FFE15730000), size: 434176 (result: 0), SymType: '-nosymbols-', PDB: 'C:\Windows\SYSTEM32\MSWSOCK.DLL', fileVersion: 10.0.19041.3636
C:\Program Files\Unity\Hub\Editor\2021.3.33f1\Editor\tbb.dll:tbb.dll (00007FFDE9A60000), size: 413696 (result: 0), SymType: '-nosymbols-', PDB: 'C:\Program Files\Unity\Hub\Editor\2021.3.33f1\Editor\tbb.dll', fileVersion: 2017.0.2016.1004
C:\Windows\SYSTEM32\MSVCP120.dll:MSVCP120.dll (00007FFDD8EC0000), size: 679936 (result: 0), SymType: '-nosymbols-', PDB: 'C:\Windows\SYSTEM32\MSVCP120.dll', fileVersion: 12.0.40664.0
C:\Windows\SYSTEM32\MSVCR120.dll:MSVCR120.dll (00007FFDCAA50000), size: 978944 (result: 0), SymType: '-nosymbols-', PDB: 'C:\Windows\SYSTEM32\MSVCR120.dll', fileVersion: 12.0.40664.0
C:\Program Files\Unity\Hub\Editor\2021.3.33f1\Editor\OpenRL_pthread.dll:OpenRL_pthread.dll (000001CB69A10000), size: 61440 (result: 0), SymType: '-nosymbols-', PDB: 'C:\Program Files\Unity\Hub\Editor\2021.3.33f1\Editor\OpenRL_pthread.dll', fileVersion: 2.9.0.0
C:\Windows\SYSTEM32\MSASN1.dll:MSASN1.dll (00007FFE15BC0000), size: 73728 (result: 0), SymType: '-nosymbols-', PDB: 'C:\Windows\SYSTEM32\MSASN1.dll', fileVersion: 10.0.19041.3636
C:\Program Files\Common Files\Crypto Pro\AppCompat\cpcrypt.dll:cpcrypt.dll (00007FFE15AA0000), size: 135168 (result: 0), SymType: '-nosymbols-', PDB: 'C:\Program Files\Common Files\Crypto Pro\AppCompat\cpcrypt.dll', fileVersion: 5.0.16653.0
C:\Windows\SYSTEM32\kernel.appcore.dll:kernel.appcore.dll (00007FFE13AC0000), size: 73728 (result: 0), SymType: '-nosymbols-', PDB: 'C:\Windows\SYSTEM32\kernel.appcore.dll', fileVersion: 10.0.19041.3758
C:\Windows\System32\bcryptPrimitives.dll:bcryptPrimitives.dll (000001CB6B6B0000), size: 532480 (result: 0), SymType: '-nosymbols-', PDB: 'C:\Windows\System32\bcryptPrimitives.dll', fileVersion: 10.0.19041.3636
C:\Windows\system32\uxtheme.dll:uxtheme.dll (00007FFE135F0000), size: 647168 (result: 0), SymType: '-nosymbols-', PDB: 'C:\Windows\system32\uxtheme.dll', fileVersion: 10.0.19041.3996
C:\Windows\System32\shcore.dll:shcore.dll (00007FFE17180000), size: 708608 (result: 0), SymType: '-nosymbols-', PDB: 'C:\Windows\System32\shcore.dll', fileVersion: 10.0.19041.3636
C:\Windows\SYSTEM32\windows.storage.dll:windows.storage.dll (00007FFE13CC0000), size: 7979008 (result: 0), SymType: '-nosymbols-', PDB: 'C:\Windows\SYSTEM32\windows.storage.dll', fileVersion: 10.0.19041.3996
C:\Windows\SYSTEM32\Wldp.dll:Wldp.dll (00007FFE15A00000), size: 188416 (result: 0), SymType: '-nosymbols-', PDB: 'C:\Windows\SYSTEM32\Wldp.dll', fileVersion: 10.0.19041.3996
C:\Windows\SYSTEM32\profapi.dll:profapi.dll (00007FFE16000000), size: 151552 (result: 0), SymType: '-nosymbols-', PDB: 'C:\Windows\SYSTEM32\profapi.dll', fileVersion: 10.0.19041.3636
C:\Windows\system32\IconCodecService.dll:IconCodecService.dll (00007FFE11870000), size: 36864 (result: 0), SymType: '-nosymbols-', PDB: 'C:\Windows\system32\IconCodecService.dll', fileVersion: 10.0.19041.1
C:\Windows\SYSTEM32\WindowsCodecs.dll:WindowsCodecs.dll (00007FFE0F740000), size: 1785856 (result: 0), SymType: '-nosymbols-', PDB: 'C:\Windows\SYSTEM32\WindowsCodecs.dll', fileVersion: 10.0.19041.3636
C:\Windows\System32\clbcatq.dll:clbcatq.dll (00007FFE17230000), size: 692224 (result: 0), SymType: '-nosymbols-', PDB: 'C:\Windows\System32\clbcatq.dll', fileVersion: 2001.12.10941.16384
C:\Windows\System32\netprofm.dll:netprofm.dll (00007FFE11660000), size: 258048 (result: 0), SymType: '-nosymbols-', PDB: 'C:\Windows\System32\netprofm.dll', fileVersion: 10.0.19041.3636
C:\Windows\System32\npmproxy.dll:npmproxy.dll (00007FFE0E8F0000), size: 65536 (result: 0), SymType: '-nosymbols-', PDB: 'C:\Windows\System32\npmproxy.dll', fileVersion: 10.0.19041.3636
C:\Windows\System32\NSI.dll:NSI.dll (00007FFE189C0000), size: 32768 (result: 0), SymType: '-nosymbols-', PDB: 'C:\Windows\System32\NSI.dll', fileVersion: 10.0.19041.3636
C:\Windows\SYSTEM32\dhcpcsvc6.DLL:dhcpcsvc6.DLL (00007FFE0FB80000), size: 94208 (result: 0), SymType: '-nosymbols-', PDB: 'C:\Windows\SYSTEM32\dhcpcsvc6.DLL', fileVersion: 10.0.19041.3636
C:\Windows\SYSTEM32\dhcpcsvc.DLL:dhcpcsvc.DLL (00007FFE0FB60000), size: 118784 (result: 0), SymType: '-nosymbols-', PDB: 'C:\Windows\SYSTEM32\dhcpcsvc.DLL', fileVersion: 10.0.19041.3636
C:\Windows\SYSTEM32\DNSAPI.dll:DNSAPI.dll (00007FFE15460000), size: 831488 (result: 0), SymType: '-exported-', PDB: 'C:\Windows\SYSTEM32\DNSAPI.dll', fileVersion: 10.0.19041.4046
C:\Windows\system32\napinsp.dll:napinsp.dll (00007FFDF91D0000), size: 94208 (result: 0), SymType: '-exported-', PDB: 'C:\Windows\system32\napinsp.dll', fileVersion: 10.0.19041.3636
C:\Windows\system32\pnrpnsp.dll:pnrpnsp.dll (00007FFDF9110000), size: 110592 (result: 0), SymType: '-nosymbols-', PDB: 'C:\Windows\system32\pnrpnsp.dll', fileVersion: 10.0.19041.3636
C:\Windows\system32\wshbth.dll:wshbth.dll (00007FFDF6BF0000), size: 86016 (result: 0), SymType: '-nosymbols-', PDB: 'C:\Windows\system32\wshbth.dll', fileVersion: 10.0.19041.3636
C:\Windows\system32\NLAapi.dll:NLAapi.dll (00007FFE116A0000), size: 118784 (result: 0), SymType: '-nosymbols-', PDB: 'C:\Windows\system32\NLAapi.dll', fileVersion: 10.0.19041.3636
C:\Windows\System32\winrnr.dll:winrnr.dll (00007FFDF6B30000), size: 73728 (result: 0), SymType: '-nosymbols-', PDB: 'C:\Windows\System32\winrnr.dll', fileVersion: 10.0.19041.3636
C:\Windows\System32\fwpuclnt.dll:fwpuclnt.dll (00007FFE00D30000), size: 524288 (result: 0), SymType: '-nosymbols-', PDB: 'C:\Windows\System32\fwpuclnt.dll', fileVersion: 10.0.19041.3758
C:\Windows\System32\rasadhlp.dll:rasadhlp.dll (00007FFE00ED0000), size: 40960 (result: 0), SymType: '-nosymbols-', PDB: 'C:\Windows\System32\rasadhlp.dll', fileVersion: 10.0.19041.3636
C:\Program Files\Unity\Hub\Editor\2021.3.33f1\Editor\NVUnityPlugin.DLL:NVUnityPlugin.DLL (00007FFD9B290000), size: 1536000 (result: 0), SymType: '-nosymbols-', PDB: 'C:\Program Files\Unity\Hub\Editor\2021.3.33f1\Editor\NVUnityPlugin.DLL'
C:\Program Files\Unity\Hub\Editor\2021.3.33f1\Editor\Data\Tools\astcenc-avx2.dll:astcenc-avx2.dll (00007FFD9B200000), size: 561152 (result: 0), SymType: '-nosymbols-', PDB: 'C:\Program Files\Unity\Hub\Editor\2021.3.33f1\Editor\Data\Tools\astcenc-avx2.dll'
C:\Windows\SYSTEM32\dbghelp.dll:dbghelp.dll (00007FFE02CD0000), size: 1982464 (result: 0), SymType: '-exported-', PDB: 'C:\Windows\SYSTEM32\dbghelp.dll', fileVersion: 10.0.19041.3636
  ERROR: SymGetSymFromAddr64, GetLastError: 'Unknown error [-529697949]' (Address: 00007FF6FD88C628)
0x00007FF6FD88C628 (Unity) (function-name not available)
  ERROR: SymGetSymFromAddr64, GetLastError: 'Unknown error [-529697949]' (Address: 00007FF6FD88C741)
0x00007FF6FD88C741 (Unity) (function-name not available)
  ERROR: SymGetSymFromAddr64, GetLastError: 'Unknown error [-529697949]' (Address: 00007FF6FD89C00A)
0x00007FF6FD89C00A (Unity) (function-name not available)
  ERROR: SymGetSymFromAddr64, GetLastError: 'Unknown error [-529697949]' (Address: 00007FF6FFC6B1CE)
0x00007FF6FFC6B1CE (Unity) (function-name not available)
  ERROR: SymGetSymFromAddr64, GetLastError: 'Unknown error [-529697949]' (Address: 00007FF6FFD2B2F8)
0x00007FF6FFD2B2F8 (Unity) (function-name not available)
  ERROR: SymGetSymFromAddr64, GetLastError: 'Unknown error [-529697949]' (Address: 00007FF6FFC37B00)
0x00007FF6FFC37B00 (Unity) (function-name not available)
  ERROR: SymGetSymFromAddr64, GetLastError: 'Попытка обращения к неверному адресу.' (Address: 00007FFE18AB23AF)
0x00007FFE18AB23AF (ntdll) (function-name not available)
  ERROR: SymGetSymFromAddr64, GetLastError: 'Попытка обращения к неверному адресу.' (Address: 00007FFE18A614B4)
0x00007FFE18A614B4 (ntdll) (function-name not available)
  ERROR: SymGetSymFromAddr64, GetLastError: 'Попытка обращения к неверному адресу.' (Address: 00007FFE18AB0EBE)
0x00007FFE18AB0EBE (ntdll) (function-name not available)
  ERROR: SymGetSymFromAddr64, GetLastError: 'Unknown error [-529697949]' (Address: 00007FF6FD10C4AA)
0x00007FF6FD10C4AA (Unity) (function-name not available)
  ERROR: SymGetSymFromAddr64, GetLastError: 'Unknown error [-529697949]' (Address: 00007FF6FD1073F0)
0x00007FF6FD1073F0 (Unity) (function-name not available)
  ERROR: SymGetSymFromAddr64, GetLastError: 'Unknown error [-529697949]' (Address: 00007FF6FD10629B)
0x00007FF6FD10629B (Unity) (function-name not available)
  ERROR: SymGetSymFromAddr64, GetLastError: 'Unknown error [-529697949]' (Address: 00007FF6FD106975)
0x00007FF6FD106975 (Unity) (function-name not available)
  ERROR: SymGetSymFromAddr64, GetLastError: 'Unknown error [-529697949]' (Address: 00007FF6FD105BCD)
  ERROR: SymGetModuleInfo64, GetLastError: 'Недостаточно ресурсов памяти для обработки этой команды.' (Address: 00007FF6FD105BCD)
0x00007FF6FD105BCD ((<unknown>)) (function-name not available)
  ERROR: SymGetSymFromAddr64, GetLastError: 'Unknown error [-529697949]' (Address: 00007FF6FD9AA7E6)
  ERROR: SymGetModuleInfo64, GetLastError: 'Недостаточно ресурсов памяти для обработки этой команды.' (Address: 00007FF6FD9AA7E6)
0x00007FF6FD9AA7E6 ((<unknown>)) (function-name not available)
  ERROR: SymGetSymFromAddr64, GetLastError: 'Unknown error [-529697949]' (Address: 00007FF6FD9AEAFB)
  ERROR: SymGetModuleInfo64, GetLastError: 'Недостаточно ресурсов памяти для обработки этой команды.' (Address: 00007FF6FD9AEAFB)
0x00007FF6FD9AEAFB ((<unknown>)) (function-name not available)
  ERROR: SymGetSymFromAddr64, GetLastError: 'Unknown error [-529697949]' (Address: 00007FF6FD712AB5)
  ERROR: SymGetModuleInfo64, GetLastError: 'Недостаточно ресурсов памяти для обработки этой команды.' (Address: 00007FF6FD712AB5)
0x00007FF6FD712AB5 ((<unknown>)) (function-name not available)
  ERROR: SymGetSymFromAddr64, GetLastError: 'Не найден указанный модуль.' (Address: 00007FF6FD713E3E)
  ERROR: SymGetModuleInfo64, GetLastError: 'Недостаточно ресурсов памяти для обработки этой команды.' (Address: 00007FF6FD713E3E)
0x00007FF6FD713E3E ((<unknown>)) (function-name not available)
  ERROR: SymGetSymFromAddr64, GetLastError: 'Не найден указанный модуль.' (Address: 00007FF6FD46AC92)
  ERROR: SymGetModuleInfo64, GetLastError: 'Недостаточно ресурсов памяти для обработки этой команды.' (Address: 00007FF6FD46AC92)
0x00007FF6FD46AC92 ((<unknown>)) (function-name not available)
  ERROR: SymGetSymFromAddr64, GetLastError: 'Не найден указанный модуль.' (Address: 00007FF6FE3E4FE9)
  ERROR: SymGetModuleInfo64, GetLastError: 'Недостаточно ресурсов памяти для обработки этой команды.' (Address: 00007FF6FE3E4FE9)
0x00007FF6FE3E4FE9 ((<unknown>)) (function-name not available)
  ERROR: SymGetSymFromAddr64, GetLastError: 'Не найден указанный модуль.' (Address: 00007FF6FE8344C8)
  ERROR: SymGetModuleInfo64, GetLastError: 'Недостаточно ресурсов памяти для обработки этой команды.' (Address: 00007FF6FE8344C8)
0x00007FF6FE8344C8 ((<unknown>)) (function-name not available)
  ERROR: SymGetSymFromAddr64, GetLastError: 'Не найден указанный модуль.' (Address: 00007FF6FFC1546E)
  ERROR: SymGetModuleInfo64, GetLastError: 'Недостаточно ресурсов памяти для обработки этой команды.' (Address: 00007FF6FFC1546E)
0x00007FF6FFC1546E ((<unknown>)) (function-name not available)
  ERROR: SymGetModuleInfo64, GetLastError: 'Недостаточно ресурсов памяти для обработки этой команды.' (Address: 00007FFE17FC7344)
0x00007FFE17FC7344 ((<unknown>)) BaseThreadInitThunk
  ERROR: SymGetSymFromAddr64, GetLastError: 'Попытка обращения к неверному адресу.' (Address: 00007FFE18A626B1)
  ERROR: SymGetModuleInfo64, GetLastError: 'Недостаточно ресурсов памяти для обработки этой команды.' (Address: 00007FFE18A626B1)
0x00007FFE18A626B1 ((<unknown>)) (function-name not available)

========== END OF STACKTRACE ===========

A crash has been intercepted by the crash handler. For call stack and other details, see the latest crash report generated in:
 * C:/Users/Unlime/AppData/Local/Temp/Unity/Editor/Crashes
