Using pre-set license
Built from '2021.3/staging' branch; Version is '2021.3.33f1 (ee5a2aa03ab2) revision 15620650'; Using compiler version '192829333'; Build Type 'Release'
OS: 'Windows 10  (10.0.19045) 64bit Professional' Language: 'ru' Physical Memory: 16281 MB
BatchMode: 1, IsHumanControllingUs: 0, StartBugReporterOnCrash: 0, Is64bit: 1, IsPro: 1

COMMAND LINE ARGUMENTS:
C:\Program Files\Unity\Hub\Editor\2021.3.33f1\Editor\Unity.exe
-adb2
-batchMode
-noUpm
-name
AssetImportWorker7
-projectPath
C:/Users/Unlime/Documents/GitHub/Ants-Station/Ants Station
-logFile
Logs/AssetImportWorker7.log
-srvPort
64707
Successfully changed project path to: C:/Users/Unlime/Documents/GitHub/Ants-Station/Ants Station
C:/Users/Unlime/Documents/GitHub/Ants-Station/Ants Station
received signal from system: SIGSEGV
Obtained 22 stack frames
0x00007ff6fd89c89d (Unity) StackWalker::GetCurrentCallstack
0x00007ff6fd8a3459 (Unity) StackWalker::ShowCallstack
0x00007ff6fe829f73 (Unity) GetStacktrace
0x00007ff6fd8a2496 (Unity) winutils::PrintStackTrace
0x00007ff6fd89becc (Unity) winutils::CrashHandler::DefaultSignalHandler
0x00007ff6ffc6b1ce (Unity) seh_filter_exe
0x00007ff6ffd2b2f8 (Unity) `__scrt_common_main_seh'::`1'::filt$0
0x00007ff6ffc37b00 (Unity) _C_specific_handler
0x00007ffe18ab23af (ntdll) 
0x00007ffe18a614b4 (ntdll) 
0x00007ffe18ab0ebe (ntdll) 
0x00007ff6fd10c4aa (Unity) DynamicHeapAllocator::InitializeMemoryRegion
0x00007ff6fd1073f0 (Unity) DynamicHeapAllocator::CreateTLSFBlock
0x00007ff6fd10629b (Unity) DynamicHeapAllocator::Allocate
0x00007ff6fd112eff (Unity) DualThreadAllocator<DynamicHeapAllocator>::DualThreadAllocator<DynamicHeapAllocator>
0x00007ff6fd10aa7a (Unity) MemoryManager::InitializeDefaultAllocators
0x00007ff6fd10c706 (Unity) MemoryManager::LateStaticInitialize
0x00007ff6fe3e3e63 (Unity) Application::InitializeProject
0x00007ff6fe8344c8 (Unity) WinMain
0x00007ff6ffc1546e (Unity) __scrt_common_main_seh
0x00007ffe17fc7344 (KERNEL32) 
0x00007ffe18a626b1 (ntdll) 

