Using pre-set license
Built from '2021.3/staging' branch; Version is '2021.3.33f1 (ee5a2aa03ab2) revision 15620650'; Using compiler version '192829333'; Build Type 'Release'
OS: 'Windows 10  (10.0.19045) 64bit Professional' Language: 'ru' Physical Memory: 16281 MB
BatchMode: 1, IsHumanControllingUs: 0, StartBugReporterOnCrash: 0, Is64bit: 1, IsPro: 1

COMMAND LINE ARGUMENTS:
C:\Program Files\Unity\Hub\Editor\2021.3.33f1\Editor\Unity.exe
-adb2
-batchMode
-noUpm
-name
AssetImportWorker5
-projectPath
C:/Users/Unlime/Documents/GitHub/Ants-Station/Ants Station
-logFile
Logs/AssetImportWorker5.log
-srvPort
64707
Successfully changed project path to: C:/Users/Unlime/Documents/GitHub/Ants-Station/Ants Station
C:/Users/Unlime/Documents/GitHub/Ants-Station/Ants Station
received signal from system: SIGSEGV
Obtained 22 stack frames
0x00007ff6fd89c89d (Unity) 
0x00007ff6fd8a3459 (Unity) 
0x00007ff6fe829f73 (Unity) 
0x00007ff6fd8a2496 (Unity) 
0x00007ff6fd89becc (Unity) 
0x00007ff6ffc6b1ce (Unity) 
0x00007ff6ffd2b2f8 (Unity) 
0x00007ff6ffc37b00 (Unity) 
0x00007ffe18ab23af (ntdll) 
0x00007ffe18a614b4 (ntdll) 
0x00007ffe18ab0ebe (ntdll) 
0x00007ff6fd10c4aa (Unity) 
0x00007ff6fd1073f0 (Unity) 
0x00007ff6fd10629b (Unity) 
0x00007ff6fd112eff (Unity) 
0x00007ff6fd10aa7a (Unity) 
0x00007ff6fd10c706 (Unity) 
0x00007ff6fe3e3e63 (Unity) 
0x00007ff6fe8344c8 (Unity) 
0x00007ff6ffc1546e (Unity) 
0x00007ffe17fc7344 (KERNEL32) 
0x00007ffe18a626b1 (ntdll) 

